[20-Jul-2023 18:43:00 UTC] PHP Warning:  Cannot modify header information - headers already sent by (output started at Standard input code:377) in /opt/sar-dev/vendor/netherphp/atlantis/vendor/netherphp/avenue/src/Nether/Avenue/Response.php on line 190
[20-Jul-2023 18:43:00 UTC] PHP Warning:  Cannot modify header information - headers already sent by (output started at Standard input code:377) in /opt/sar-dev/vendor/netherphp/atlantis/vendor/netherphp/avenue/src/Nether/Avenue/Response.php on line 190
[20-Jul-2023 18:43:00 UTC] PHP Warning:  Cannot modify header information - headers already sent by (output started at Standard input code:377) in /opt/sar-dev/vendor/netherphp/atlantis/vendor/netherphp/avenue/src/Nether/Avenue/Response.php on line 190
[20-Jul-2023 18:43:00 UTC] PHP Warning:  Cannot modify header information - headers already sent by (output started at Standard input code:377) in /opt/sar-dev/vendor/netherphp/atlantis/vendor/netherphp/avenue/src/Nether/Avenue/Response.php on line 190
[20-Jul-2023 18:43:01 UTC] PHP Warning:  Cannot modify header information - headers already sent by (output started at Standard input code:377) in /opt/sar-dev/vendor/netherphp/atlantis/vendor/netherphp/avenue/src/Nether/Avenue/Response.php on line 190
[20-Jul-2023 18:43:01 UTC] PHP Warning:  Cannot modify header information - headers already sent by (output started at Standard input code:377) in /opt/sar-dev/vendor/netherphp/atlantis/vendor/netherphp/avenue/src/Nether/Avenue/Response.php on line 190
[20-Jul-2023 18:43:01 UTC] PHP Warning:  Cannot modify header information - headers already sent by (output started at Standard input code:377) in /opt/sar-dev/vendor/netherphp/atlantis/vendor/netherphp/avenue/src/Nether/Avenue/Response.php on line 190
[20-Jul-2023 18:43:01 UTC] PHP Warning:  Cannot modify header information - headers already sent by (output started at Standard input code:377) in /opt/sar-dev/vendor/netherphp/atlantis/vendor/netherphp/avenue/src/Nether/Avenue/Response.php on line 190
[20-Jul-2023 18:43:02 UTC] PHP Warning:  Cannot modify header information - headers already sent by (output started at Standard input code:377) in /opt/sar-dev/vendor/netherphp/atlantis/vendor/netherphp/avenue/src/Nether/Avenue/Response.php on line 190
[20-Jul-2023 18:44:31 UTC] PHP Warning:  Cannot modify header information - headers already sent by (output started at Standard input code:377) in /opt/sar-dev/vendor/netherphp/atlantis/vendor/netherphp/avenue/src/Nether/Avenue/Response.php on line 190
[20-Jul-2023 18:44:31 UTC] PHP Warning:  Cannot modify header information - headers already sent by (output started at Standard input code:377) in /opt/sar-dev/vendor/netherphp/atlantis/vendor/netherphp/avenue/src/Nether/Avenue/Response.php on line 190
[20-Jul-2023 18:44:31 UTC] PHP Warning:  Cannot modify header information - headers already sent by (output started at Standard input code:377) in /opt/sar-dev/vendor/netherphp/atlantis/vendor/netherphp/avenue/src/Nether/Avenue/Response.php on line 190
[20-Jul-2023 18:44:32 UTC] PHP Warning:  Cannot modify header information - headers already sent by (output started at Standard input code:377) in /opt/sar-dev/vendor/netherphp/atlantis/vendor/netherphp/avenue/src/Nether/Avenue/Response.php on line 190
[20-Jul-2023 18:44:32 UTC] PHP Warning:  Cannot modify header information - headers already sent by (output started at Standard input code:377) in /opt/sar-dev/vendor/netherphp/atlantis/vendor/netherphp/avenue/src/Nether/Avenue/Response.php on line 190
[20-Jul-2023 18:44:32 UTC] PHP Warning:  Cannot modify header information - headers already sent by (output started at Standard input code:377) in /opt/sar-dev/vendor/netherphp/atlantis/vendor/netherphp/avenue/src/Nether/Avenue/Response.php on line 190
[20-Jul-2023 18:44:32 UTC] PHP Warning:  Cannot modify header information - headers already sent by (output started at Standard input code:377) in /opt/sar-dev/vendor/netherphp/atlantis/vendor/netherphp/avenue/src/Nether/Avenue/Response.php on line 190
[20-Jul-2023 18:44:32 UTC] PHP Warning:  Cannot modify header information - headers already sent by (output started at Standard input code:377) in /opt/sar-dev/vendor/netherphp/atlantis/vendor/netherphp/avenue/src/Nether/Avenue/Response.php on line 190
[20-Jul-2023 18:44:32 UTC] PHP Warning:  Cannot modify header information - headers already sent by (output started at Standard input code:377) in /opt/sar-dev/vendor/netherphp/atlantis/vendor/netherphp/avenue/src/Nether/Avenue/Response.php on line 190
[20-Jul-2023 18:59:44 UTC] PHP Fatal error:  Uncaught Cannot modify header information - headers already sent by (output started at /opt/sar-dev/vendor/netherphp/atlantis/vendor/phpunit/phpunit/src/Util/Printer.php:104)

/opt/sar-dev/vendor/netherphp/atlantis/vendor/netherphp/avenue/src/Nether/Avenue/Response.php:190
/opt/sar-dev/vendor/netherphp/atlantis/vendor/netherphp/avenue/src/Nether/Avenue/Router.php:430
/opt/sar-dev/vendor/netherphp/atlantis/vendor/netherphp/avenue/src/Nether/Avenue/Router.php:78

  thrown in /opt/sar-dev/vendor/netherphp/atlantis/vendor/netherphp/avenue/src/Nether/Avenue/Response.php on line 190
[20-Jul-2023 19:02:52 UTC] PHP Fatal error:  Uncaught Cannot modify header information - headers already sent by (output started at /opt/sar-dev/vendor/netherphp/atlantis/vendor/phpunit/phpunit/src/Util/Printer.php:104)

/opt/sar-dev/vendor/netherphp/atlantis/vendor/netherphp/avenue/src/Nether/Avenue/Response.php:190
/opt/sar-dev/vendor/netherphp/atlantis/vendor/netherphp/avenue/src/Nether/Avenue/Router.php:430
/opt/sar-dev/vendor/netherphp/atlantis/vendor/netherphp/avenue/src/Nether/Avenue/Router.php:78

  thrown in /opt/sar-dev/vendor/netherphp/atlantis/vendor/netherphp/avenue/src/Nether/Avenue/Response.php on line 190
[20-Jul-2023 19:03:18 UTC] PHP Fatal error:  Uncaught Cannot modify header information - headers already sent by (output started at /opt/sar-dev/vendor/netherphp/atlantis/vendor/phpunit/phpunit/src/Util/Printer.php:104)

/opt/sar-dev/vendor/netherphp/atlantis/vendor/netherphp/avenue/src/Nether/Avenue/Response.php:190
/opt/sar-dev/vendor/netherphp/atlantis/vendor/netherphp/avenue/src/Nether/Avenue/Router.php:430
/opt/sar-dev/vendor/netherphp/atlantis/vendor/netherphp/avenue/src/Nether/Avenue/Router.php:78

  thrown in /opt/sar-dev/vendor/netherphp/atlantis/vendor/netherphp/avenue/src/Nether/Avenue/Response.php on line 190
[20-Jul-2023 19:03:25 UTC] PHP Fatal error:  Uncaught Cannot modify header information - headers already sent by (output started at /opt/sar-dev/vendor/netherphp/atlantis/vendor/phpunit/phpunit/src/Util/Printer.php:104)

/opt/sar-dev/vendor/netherphp/atlantis/vendor/netherphp/avenue/src/Nether/Avenue/Response.php:190
/opt/sar-dev/vendor/netherphp/atlantis/vendor/netherphp/avenue/src/Nether/Avenue/Router.php:430
/opt/sar-dev/vendor/netherphp/atlantis/vendor/netherphp/avenue/src/Nether/Avenue/Router.php:78

  thrown in /opt/sar-dev/vendor/netherphp/atlantis/vendor/netherphp/avenue/src/Nether/Avenue/Response.php on line 190
[20-Jul-2023 19:04:36 UTC] PHP Fatal error:  Uncaught Cannot modify header information - headers already sent by (output started at /opt/sar-dev/vendor/netherphp/atlantis/vendor/phpunit/phpunit/src/Util/Printer.php:104)

/opt/sar-dev/vendor/netherphp/atlantis/vendor/netherphp/avenue/src/Nether/Avenue/Response.php:190
/opt/sar-dev/vendor/netherphp/atlantis/vendor/netherphp/avenue/src/Nether/Avenue/Router.php:430
/opt/sar-dev/vendor/netherphp/atlantis/vendor/netherphp/avenue/src/Nether/Avenue/Router.php:78

  thrown in /opt/sar-dev/vendor/netherphp/atlantis/vendor/netherphp/avenue/src/Nether/Avenue/Response.php on line 190
